Drill report for C:\Users\Aluno\Desktop\Zênite Solar\MCC\placa teste definitiva fresssa\KiCad\Mcc18.kicad_pcb
Created on 28/08/2018 22:07:26

Copper Layer Stackup:
    =============================================================
    L1 :  F.Cu                      front
    L2 :  B.Cu                      back


Drill file 'Mcc18.drl' contains
    plated through holes:
    =============================================================
    T1  0.80mm  0.031"  (93 holes)
    T2  1.00mm  0.039"  (21 holes)
    T3  1.10mm  0.043"  (1 hole)
    T4  1.50mm  0.059"  (6 holes)
    T5  1.52mm  0.060"  (2 holes)
    T6  2.00mm  0.079"  (4 holes)
    T7  2.20mm  0.087"  (4 holes)
    T8  5.00mm  0.197"  (4 holes)

    Total plated holes count 135


Not plated through holes are merged with plated holes
    unplated through holes:
    =============================================================
    T9  3.50mm  0.138"  (1 hole)
    T10  3.60mm  0.142"  (2 holes)

    Total unplated holes count 3
